<?xml version="1.0" encoding="UTF-8"?>
<!-- Generated by org.testng.reporters.JUnitReportReporter -->
<testsuite hostname="Air-cua-Tu.lan" failures="0" tests="3" name="TestNG.FirstTestcase" time="0.002" errors="0" timestamp="2025-01-11T23:34:54 ICT" skipped="0">
  <testcase classname="TestNG.FirstTestcase" name="openApp" time="0.001"/>
  <system-out/>
  <testcase classname="TestNG.FirstTestcase" name="login" time="0.001"/>
  <system-out/>
  <testcase classname="TestNG.FirstTestcase" name="logout" time="0.000"/>
  <system-out/>
</testsuite> <!-- TestNG.FirstTestcase -->
